> Task :compileJava UP-TO-DATE
> Task :processResources UP-TO-DATE
> Task :classes UP-TO-DATE
> Task :resolveMainClassName UP-TO-DATE

> Task :bootRun FAILED

  .   ____          _            __ _ _
 /\\ / ___'_ __ _ _(_)_ __  __ _ \ \ \ \
( ( )\___ | '_ | '_| | '_ \/ _` | \ \ \ \
 \\/  ___)| |_)| | | | | || (_| |  ) ) ) )
  '  |____| .__|_| |_|_| |_\__, | / / / /
 =========|_|==============|___/=/_/_/_/

 :: Spring Boot ::                (v3.5.5)

2025-09-10T16:43:16.041+09:00  INFO 89620 --- [exhibition-service] [           main] c.g.e.ExhibitionServiceApplication       : Starting ExhibitionServiceApplication using Java 17.0.16 with PID 89620 (/Users/sian/Desktop/guidely_back/Exhibition-Artwork-Service/build/classes/java/main started by sian in /Users/sian/Desktop/guidely_back/Exhibition-Artwork-Service)
2025-09-10T16:43:16.042+09:00  INFO 89620 --- [exhibition-service] [           main] c.g.e.ExhibitionServiceApplication       : No active profile set, falling back to 1 default profile: "default"
2025-09-10T16:43:16.184+09:00  WARN 89620 --- [exhibition-service] [           main] ConfigServletWebServerApplicationContext : Exception encountered during context initialization - cancelling refresh attempt: org.springframework.beans.factory.BeanDefinitionStoreException: Failed to process import candidates for configuration class [com.guidely.exhibitionservice.ExhibitionServiceApplication]: Error processing condition on org.springdoc.webmvc.core.configuration.MultipleOpenApiSupportConfiguration$SpringDocWebMvcActuatorDifferentConfiguration
2025-09-10T16:43:16.186+09:00  INFO 89620 --- [exhibition-service] [           main] .s.b.a.l.ConditionEvaluationReportLogger : 

Error starting ApplicationContext. To display the condition evaluation report re-run your application with 'debug' enabled.
2025-09-10T16:43:16.193+09:00 ERROR 89620 --- [exhibition-service] [           main] o.s.b.d.LoggingFailureAnalysisReporter   : 

***************************
APPLICATION FAILED TO START
***************************

Description:

Invalid value '$SERVER_PORT:8080}' for configuration property 'server.port' (originating from 'class path resource [application.yml] - 27:9'). Validation failed for the following reason:

Failed to convert to type java.lang.Integer

Action:

Review the value of the property with the provided reason.


FAILURE: Build failed with an exception.

* What went wrong:
Execution failed for task ':bootRun'.
> Process 'command '/opt/homebrew/Cellar/openjdk@17/17.0.16/libexec/openjdk.jdk/Contents/Home/bin/java'' finished with non-zero exit value 1

* Try:
> Run with --stacktrace option to get the stack trace.
> Run with --info or --debug option to get more log output.
> Run with --scan to get full insights.
> Get more help at https://help.gradle.org.

BUILD FAILED in 769ms
4 actionable tasks: 1 executed, 3 up-to-date
Exception in thread "Thread-0" org.gradle.api.UncheckedIOException: java.io.IOException: Input/output error
	at org.gradle.internal.UncheckedException.throwAsUncheckedException(UncheckedException.java:63)
	at org.gradle.internal.UncheckedException.throwAsUncheckedException(UncheckedException.java:42)
	at org.gradle.internal.daemon.client.clientinput.DaemonClientInputForwarder$ForwardingUserInput.lambda$readAndForwardStdin$0(DaemonClientInputForwarder.java:99)
	at java.base/java.util.concurrent.ThreadPoolExecutor.runWorker(ThreadPoolExecutor.java:1136)
	at java.base/java.util.concurrent.ThreadPoolExecutor$Worker.run(ThreadPoolExecutor.java:635)
	at java.base/java.lang.Thread.run(Thread.java:840)
Caused by: java.io.IOException: Input/output error
	at java.base/java.io.FileInputStream.readBytes(Native Method)
	at java.base/java.io.FileInputStream.read(FileInputStream.java:276)
	at java.base/java.io.BufferedInputStream.read1(BufferedInputStream.java:282)
	at java.base/java.io.BufferedInputStream.read(BufferedInputStream.java:343)
	at java.base/sun.nio.cs.StreamDecoder.readBytes(StreamDecoder.java:287)
	at java.base/sun.nio.cs.StreamDecoder.implRead(StreamDecoder.java:330)
	at java.base/sun.nio.cs.StreamDecoder.read(StreamDecoder.java:190)
	at java.base/java.io.InputStreamReader.read(InputStreamReader.java:177)
	at java.base/java.io.BufferedReader.read1(BufferedReader.java:211)
	at java.base/java.io.BufferedReader.read(BufferedReader.java:287)
	at java.base/java.io.Reader.read(Reader.java:250)
	at org.gradle.internal.daemon.client.clientinput.DaemonClientInputForwarder$ForwardingUserInput.lambda$readAndForwardStdin$0(DaemonClientInputForwarder.java:97)
	... 3 more

FAILURE: Build failed with an exception.

* What went wrong:
Could not dispatch a message to the daemon.

* Try:
> Run with --stacktrace option to get the stack trace.
> Run with --info or --debug option to get more log output.
> Run with --scan to get full insights.
> Get more help at https://help.gradle.org.
